TN:
SF:/Users/bnol/w/software-testing-demo/todos.js
FN:3,(anonymous_0)
FNF:1
FNH:1
FNDA:2,(anonymous_0)
DA:1,1
DA:3,1
DA:12,2
DA:13,2
DA:17,1
DA:19,1
DA:23,1
LF:7
LH:7
BRF:0
BRH:0
end_of_record
TN:
SF:/Users/bnol/w/software-testing-demo/util.js
FN:1,(anonymous_0)
FN:6,(anonymous_1)
FN:14,(anonymous_2)
FN:28,(anonymous_3)
FNF:4
FNH:4
FNDA:3,(anonymous_0)
FNDA:1,(anonymous_1)
FNDA:9,(anonymous_2)
FNDA:2,(anonymous_3)
DA:1,1
DA:3,3
DA:6,1
DA:8,1
DA:9,1
DA:10,1
DA:11,1
DA:14,1
DA:16,9
DA:17,3
DA:19,6
DA:20,1
DA:22,5
DA:23,1
DA:25,4
DA:28,1
DA:29,2
DA:30,1
DA:32,1
DA:35,1
DA:36,1
LF:21
LH:21
BRDA:16,0,0,3
BRDA:16,0,1,6
BRDA:19,1,0,1
BRDA:19,1,1,5
BRDA:19,2,0,6
BRDA:19,2,1,4
BRDA:22,3,0,1
BRDA:22,3,1,4
BRDA:22,4,0,5
BRDA:22,4,1,3
BRDA:29,5,0,1
BRDA:29,5,1,1
BRDA:29,6,0,2
BRDA:29,6,1,1
BRF:14
BRH:14
end_of_record
